{"name": "Проверка итоговой суммы заказа", "status": "broken", "statusDetails": {"message": "selenium.common.exceptions.TimeoutException: Message: \nStacktrace:\n\tGetHandleVerifier [0x0xcca8a3+63283]\n\tGetHandleVerifier [0x0xcca8e4+63348]\n\t(No symbol) [0x0xb03e43]\n\t(No symbol) [0x0xb4c8de]\n\t(No symbol) [0x0xb4cc7b]\n\t(No symbol) [0x0xb94ef2]\n\t(No symbol) [0x0xb71464]\n\t(No symbol) [0x0xb9271a]\n\t(No symbol) [0x0xb71216]\n\t(No symbol) [0x0xb40855]\n\t(No symbol) [0x0xb416f4]\n\tGetHandleVerifier [0x0xf3bb43+2623955]\n\tGetHandleVerifier [0x0xf36daa+2604090]\n\tGetHandleVerifier [0x0xcf069a+218410]\n\tGetHandleVerifier [0x0xce0ed8+154984]\n\tGetHandleVerifier [0x0xce742d+180925]\n\tGetHandleVerifier [0x0xcd22b8+94536]\n\tGetHandleVerifier [0x0xcd2442+94930]\n\tGetHandleVerifier [0x0xcbd5ea+9338]\n\tBaseThreadInitThunk [0x0x76a35d49+25]\n\tRtlInitializeExceptionChain [0x0x779cd2fb+107]\n\tRtlGetAppContainerNamedObjectPath [0x0x779cd281+561]", "trace": "self = <test_shopping.TestShopping object at 0x0000019FA630E350>, browser = <selenium.webdriver.chrome.webdriver.WebDriver (session=\"6dddbc16dbf4e8741a8d356968f16581\")>\n\n    @allure.title(\"Проверка итоговой суммы заказа\")\n    @allure.description(\"Тест проверяет корректность расчета итоговой суммы при добавлении нескольких товаров в корзину\")\n    @allure.feature(\"Корзина покупок\")\n    @allure.severity(allure.severity_level.CRITICAL)\n    def test_shopping_cart_total(self, browser) -> None:\n        \"\"\"\n        Тест проверки итоговой суммы заказа\n    \n        Args:\n            browser: Фикстура браузера\n        \"\"\"\n    \n        with allure.step(\"Логин в систему\"):\n            login_page = LoginPage(browser)\n            login_page.login(\"standard_user\", \"secret_sauce\")\n    \n        with allure.step(\"Добавление товаров в корзину\"):\n            main_page = MainPage(browser)\n            main_page.add_product_to_cart(\"Sauce Labs Backpack\")\n            main_page.add_product_to_cart(\"Sauce Labs Bolt T-Shirt\")\n            main_page.add_product_to_cart(\"Sauce Labs Onesie\")\n    \n        with allure.step(\"Переход в корзину\"):\n            main_page.go_to_cart()\n    \n        with allure.step(\"Оформление заказа\"):\n            cart_page = CartPage(browser)\n>           cart_page.click_checkout()\n\ntests\\test_shopping.py:41: \n_ _ _ _ _ _ _ _ _ _ _ _ _ _ _ _ _ _ _ _ _ _ _ _ _ _ _ _ _ _ _ _ _ _ _ _ _ _ _ _ _ _ _ _ _ _ _ _ _ _ _ _ _ _ _ _ _ _ _ _ _ _ _ _ _ _ _ _ _ _ _ _ _ _ _ _ _ _ _ _ _ _ _ _ _ _ _ _ _ _ _ _ _ _ _ _ _ _ _ _ _ _ _ _ _ _ \npages\\cart_page.py:19: in click_checkout\n    self.click(self.CHECKOUT_BUTTON)\npages\\base_page.py:77: in click\n    element = self.find_element(locator)\npages\\base_page.py:54: in find_element\n    return self.wait.until(EC.visibility_of_element_located(locator))\n_ _ _ _ _ _ _ _ _ _ _ _ _ _ _ _ _ _ _ _ _ _ _ _ _ _ _ _ _ _ _ _ _ _ _ _ _ _ _ _ _ _ _ _ _ _ _ _ _ _ _ _ _ _ _ _ _ _ _ _ _ _ _ _ _ _ _ _ _ _ _ _ _ _ _ _ _ _ _ _ _ _ _ _ _ _ _ _ _ _ _ _ _ _ _ _ _ _ _ _ _ _ _ _ _ _ \n\nself = <selenium.webdriver.support.wait.WebDriverWait (session=\"6dddbc16dbf4e8741a8d356968f16581\")>, method = <function visibility_of_element_located.<locals>._predicate at 0x0000019FA63A9760>, message = ''\n\n    def until(self, method: Callable[[D], Union[Literal[False], T]], message: str = \"\") -> T:\n        \"\"\"Wait until the method returns a value that is not False.\n    \n        Calls the method provided with the driver as an argument until the\n        return value does not evaluate to ``False``.\n    \n        Parameters:\n        -----------\n        method: callable(WebDriver)\n            - A callable object that takes a WebDriver instance as an argument.\n    \n        message: str\n            - Optional message for :exc:`TimeoutException`\n    \n        Return:\n        -------\n        object: T\n            - The result of the last call to `method`\n    \n        Raises:\n        -------\n        TimeoutException\n            - If 'method' does not return a truthy value within the WebDriverWait\n            object's timeout\n    \n        Example:\n        --------\n        >>> from selenium.webdriver.common.by import By\n        >>> from selenium.webdriver.support.ui import WebDriverWait\n        >>> from selenium.webdriver.support import expected_conditions as EC\n    \n        # Wait until an element is visible on the page\n        >>> wait = WebDriverWait(driver, 10)\n        >>> element = wait.until(EC.visibility_of_element_located((By.ID, \"exampleId\")))\n        >>> print(element.text)\n        \"\"\"\n        screen = None\n        stacktrace = None\n    \n        end_time = time.monotonic() + self._timeout\n        while True:\n            try:\n                value = method(self._driver)\n                if value:\n                    return value\n            except self._ignored_exceptions as exc:\n                screen = getattr(exc, \"screen\", None)\n                stacktrace = getattr(exc, \"stacktrace\", None)\n            if time.monotonic() > end_time:\n                break\n            time.sleep(self._poll)\n>       raise TimeoutException(message, screen, stacktrace)\nE       selenium.common.exceptions.TimeoutException: Message: \nE       Stacktrace:\nE       \tGetHandleVerifier [0x0xcca8a3+63283]\nE       \tGetHandleVerifier [0x0xcca8e4+63348]\nE       \t(No symbol) [0x0xb03e43]\nE       \t(No symbol) [0x0xb4c8de]\nE       \t(No symbol) [0x0xb4cc7b]\nE       \t(No symbol) [0x0xb94ef2]\nE       \t(No symbol) [0x0xb71464]\nE       \t(No symbol) [0x0xb9271a]\nE       \t(No symbol) [0x0xb71216]\nE       \t(No symbol) [0x0xb40855]\nE       \t(No symbol) [0x0xb416f4]\nE       \tGetHandleVerifier [0x0xf3bb43+2623955]\nE       \tGetHandleVerifier [0x0xf36daa+2604090]\nE       \tGetHandleVerifier [0x0xcf069a+218410]\nE       \tGetHandleVerifier [0x0xce0ed8+154984]\nE       \tGetHandleVerifier [0x0xce742d+180925]\nE       \tGetHandleVerifier [0x0xcd22b8+94536]\nE       \tGetHandleVerifier [0x0xcd2442+94930]\nE       \tGetHandleVerifier [0x0xcbd5ea+9338]\nE       \tBaseThreadInitThunk [0x0x76a35d49+25]\nE       \tRtlInitializeExceptionChain [0x0x779cd2fb+107]\nE       \tRtlGetAppContainerNamedObjectPath [0x0x779cd281+561]\n\nC:\\Users\\Lizik\\AppData\\Local\\Programs\\Python\\Python313\\Lib\\site-packages\\selenium\\webdriver\\support\\wait.py:138: TimeoutException"}, "description": "Тест проверяет корректность расчета итоговой суммы при добавлении нескольких товаров в корзину", "steps": [{"name": "Логин в систему", "status": "passed", "steps": [{"name": "Выполнить полный процесс логина", "status": "passed", "steps": [{"name": "Открыть страницу логина", "status": "passed", "start": 1757439678580, "stop": 1757439679303}, {"name": "Ввести имя пользователя: 'standard_user'", "status": "passed", "steps": [{"name": "Ввести текст ''standard_user'' в элемент: ('id', 'user-name')", "status": "passed", "steps": [{"name": "Найти элемент по локатору: ('id', 'user-name')", "status": "passed", "parameters": [{"name": "locator", "value": "('id', 'user-name')"}], "start": 1757439679303, "stop": 1757439679339}], "parameters": [{"name": "locator", "value": "('id', 'user-name')"}, {"name": "text", "value": "'standard_user'"}], "start": 1757439679303, "stop": 1757439679433}], "parameters": [{"name": "username", "value": "'standard_user'"}], "start": 1757439679303, "stop": 1757439679433}, {"name": "Ввести пароль", "status": "passed", "steps": [{"name": "Ввести текст ''secret_sauce'' в элемент: ('id', 'password')", "status": "passed", "steps": [{"name": "Найти элемент по локатору: ('id', 'password')", "status": "passed", "parameters": [{"name": "locator", "value": "('id', 'password')"}], "start": 1757439679433, "stop": 1757439679456}], "parameters": [{"name": "locator", "value": "('id', 'password')"}, {"name": "text", "value": "'secret_sauce'"}], "start": 1757439679433, "stop": 1757439679529}], "parameters": [{"name": "password", "value": "'secret_sauce'"}], "start": 1757439679433, "stop": 1757439679529}, {"name": "Нажать кнопку входа", "status": "passed", "steps": [{"name": "Кликнуть по элементу: ('id', 'login-button')", "status": "passed", "steps": [{"name": "Найти элемент по локатору: ('id', 'login-button')", "status": "passed", "parameters": [{"name": "locator", "value": "('id', 'login-button')"}], "start": 1757439679529, "stop": 1757439679544}], "parameters": [{"name": "locator", "value": "('id', 'login-button')"}], "start": 1757439679529, "stop": 1757439679618}], "start": 1757439679529, "stop": 1757439679618}, {"name": "Сделать скриншот: 'after_login'", "status": "passed", "attachments": [{"name": "after_login", "source": "efca6dec-146f-44d6-b53b-e802bfecb81c-attachment.png", "type": "image/png"}], "parameters": [{"name": "name", "value": "'after_login'"}], "start": 1757439679618, "stop": 1757439679772}], "parameters": [{"name": "username", "value": "'standard_user'"}, {"name": "password", "value": "'secret_sauce'"}], "start": 1757439678580, "stop": 1757439679772}], "start": 1757439678580, "stop": 1757439679772}, {"name": "Добавление товаров в корзину", "status": "passed", "steps": [{"name": "Добавить товар ''Sauce Labs Backpack'' в корзину", "status": "passed", "steps": [{"name": "Кликнуть по элементу: ('xpath', \"//div[text()='Sauce Labs Backpack']/ancestor::div[@class='inventory_item']//button\")", "status": "passed", "steps": [{"name": "Найти элемент по локатору: ('xpath', \"//div[text()='Sauce Labs Backpack']/ancestor::div[@class='inventory_item']//button\")", "status": "passed", "parameters": [{"name": "locator", "value": "('xpath', \"//div[text()='Sauce Labs Backpack']/ancestor::div[@class='inventory_item']//button\")"}], "start": 1757439679773, "stop": 1757439679789}], "parameters": [{"name": "locator", "value": "('xpath', \"//div[text()='Sauce Labs Backpack']/ancestor::div[@class='inventory_item']//button\")"}], "start": 1757439679773, "stop": 1757439679832}, {"name": "Сделать скриншот: 'added_Sauce_Labs_Backpack'", "status": "passed", "attachments": [{"name": "added_Sauce_Labs_Backpack", "source": "8aff1561-3b15-47a8-89b6-3a2792a9b5df-attachment.png", "type": "image/png"}], "parameters": [{"name": "name", "value": "'added_Sauce_Labs_Backpack'"}], "start": 1757439679833, "stop": 1757439679940}], "parameters": [{"name": "product_name", "value": "'Sauce Labs Backpack'"}], "start": 1757439679773, "stop": 1757439679940}, {"name": "Добавить товар ''Sauce Labs Bolt T-Shirt'' в корзину", "status": "passed", "steps": [{"name": "Кликнуть по элементу: ('xpath', \"//div[text()='Sauce Labs Bolt T-Shirt']/ancestor::div[@class='inventory_item']//button\")", "status": "passed", "steps": [{"name": "Найти элемент по локатору: ('xpath', \"//div[text()='Sauce Labs Bolt T-Shirt']/ancestor::div[@class='inventory_item']//button\")", "status": "passed", "parameters": [{"name": "locator", "value": "('xpath', \"//div[text()='Sauce Labs Bolt T-Shirt']/ancestor::div[@class='inventory_item']//button\")"}], "start": 1757439679940, "stop": 1757439679952}], "parameters": [{"name": "locator", "value": "('xpath', \"//div[text()='Sauce Labs Bolt T-Shirt']/ancestor::div[@class='inventory_item']//button\")"}], "start": 1757439679940, "stop": 1757439679987}, {"name": "Сделать скриншот: 'added_Sauce_Labs_Bolt_T-Shirt'", "status": "passed", "attachments": [{"name": "added_Sauce_Labs_Bolt_T-Shirt", "source": "6d4497a2-7083-4928-ac18-738410fb2574-attachment.png", "type": "image/png"}], "parameters": [{"name": "name", "value": "'added_Sauce_Labs_Bolt_T-Shirt'"}], "start": 1757439679987, "stop": 1757439680065}], "parameters": [{"name": "product_name", "value": "'Sauce Labs Bolt T-Shirt'"}], "start": 1757439679940, "stop": 1757439680065}, {"name": "Добавить товар ''Sauce Labs Onesie'' в корзину", "status": "passed", "steps": [{"name": "Кликнуть по элементу: ('xpath', \"//div[text()='Sauce Labs Onesie']/ancestor::div[@class='inventory_item']//button\")", "status": "passed", "steps": [{"name": "Найти элемент по локатору: ('xpath', \"//div[text()='Sauce Labs Onesie']/ancestor::div[@class='inventory_item']//button\")", "status": "passed", "parameters": [{"name": "locator", "value": "('xpath', \"//div[text()='Sauce Labs Onesie']/ancestor::div[@class='inventory_item']//button\")"}], "start": 1757439680066, "stop": 1757439680078}], "parameters": [{"name": "locator", "value": "('xpath', \"//div[text()='Sauce Labs Onesie']/ancestor::div[@class='inventory_item']//button\")"}], "start": 1757439680066, "stop": 1757439680134}, {"name": "Сделать скриншот: 'added_Sauce_Labs_Onesie'", "status": "passed", "attachments": [{"name": "added_Sauce_Labs_Onesie", "source": "4b944e10-149e-4fb7-aacd-e37428398388-attachment.png", "type": "image/png"}], "parameters": [{"name": "name", "value": "'added_Sauce_Labs_Onesie'"}], "start": 1757439680134, "stop": 1757439680255}], "parameters": [{"name": "product_name", "value": "'Sauce Labs Onesie'"}], "start": 1757439680066, "stop": 1757439680255}], "start": 1757439679773, "stop": 1757439680255}, {"name": "Переход в корзину", "status": "passed", "steps": [{"name": "Перейти в корзину", "status": "passed", "steps": [{"name": "Кликнуть по элементу: ('class name', 'shopping_cart_link')", "status": "passed", "steps": [{"name": "Найти элемент по локатору: ('class name', 'shopping_cart_link')", "status": "passed", "parameters": [{"name": "locator", "value": "('class name', 'shopping_cart_link')"}], "start": 1757439680255, "stop": 1757439680268}], "parameters": [{"name": "locator", "value": "('class name', 'shopping_cart_link')"}], "start": 1757439680255, "stop": 1757439680301}], "start": 1757439680255, "stop": 1757439680301}], "start": 1757439680255, "stop": 1757439680301}, {"name": "Оформление заказа", "status": "broken", "statusDetails": {"message": "selenium.common.exceptions.TimeoutException: Message: \nStacktrace:\n\tGetHandleVerifier [0x0xcca8a3+63283]\n\tGetHandleVerifier [0x0xcca8e4+63348]\n\t(No symbol) [0x0xb03e43]\n\t(No symbol) [0x0xb4c8de]\n\t(No symbol) [0x0xb4cc7b]\n\t(No symbol) [0x0xb94ef2]\n\t(No symbol) [0x0xb71464]\n\t(No symbol) [0x0xb9271a]\n\t(No symbol) [0x0xb71216]\n\t(No symbol) [0x0xb40855]\n\t(No symbol) [0x0xb416f4]\n\tGetHandleVerifier [0x0xf3bb43+2623955]\n\tGetHandleVerifier [0x0xf36daa+2604090]\n\tGetHandleVerifier [0x0xcf069a+218410]\n\tGetHandleVerifier [0x0xce0ed8+154984]\n\tGetHandleVerifier [0x0xce742d+180925]\n\tGetHandleVerifier [0x0xcd22b8+94536]\n\tGetHandleVerifier [0x0xcd2442+94930]\n\tGetHandleVerifier [0x0xcbd5ea+9338]\n\tBaseThreadInitThunk [0x0x76a35d49+25]\n\tRtlInitializeExceptionChain [0x0x779cd2fb+107]\n\tRtlGetAppContainerNamedObjectPath [0x0x779cd281+561]\n\n", "trace": "  File \"C:\\Users\\Lizik\\OneDrive\\Рабочий стол\\git\\Kovalchuk_Automation\\lesson_10\\tests\\test_shopping.py\", line 41, in test_shopping_cart_total\n    cart_page.click_checkout()\n    ~~~~~~~~~~~~~~~~~~~~~~~~^^\n  File \"C:\\Users\\Lizik\\AppData\\Local\\Programs\\Python\\Python313\\Lib\\site-packages\\allure_commons\\_allure.py\", line 202, in impl\n    return func(*a, **kw)\n  File \"C:\\Users\\Lizik\\OneDrive\\Рабочий стол\\git\\Kovalchuk_Automation\\lesson_10\\pages\\cart_page.py\", line 19, in click_checkout\n    self.click(self.CHECKOUT_BUTTON)\n    ~~~~~~~~~~^^^^^^^^^^^^^^^^^^^^^^\n  File \"C:\\Users\\Lizik\\AppData\\Local\\Programs\\Python\\Python313\\Lib\\site-packages\\allure_commons\\_allure.py\", line 202, in impl\n    return func(*a, **kw)\n  File \"C:\\Users\\Lizik\\OneDrive\\Рабочий стол\\git\\Kovalchuk_Automation\\lesson_10\\pages\\base_page.py\", line 77, in click\n    element = self.find_element(locator)\n  File \"C:\\Users\\Lizik\\AppData\\Local\\Programs\\Python\\Python313\\Lib\\site-packages\\allure_commons\\_allure.py\", line 202, in impl\n    return func(*a, **kw)\n  File \"C:\\Users\\Lizik\\OneDrive\\Рабочий стол\\git\\Kovalchuk_Automation\\lesson_10\\pages\\base_page.py\", line 54, in find_element\n    return self.wait.until(EC.visibility_of_element_located(locator))\n           ~~~~~~~~~~~~~~~^^^^^^^^^^^^^^^^^^^^^^^^^^^^^^^^^^^^^^^^^^^\n  File \"C:\\Users\\Lizik\\AppData\\Local\\Programs\\Python\\Python313\\Lib\\site-packages\\selenium\\webdriver\\support\\wait.py\", line 138, in until\n    raise TimeoutException(message, screen, stacktrace)\n"}, "steps": [{"name": "Нажать кнопку оформления заказа", "status": "broken", "statusDetails": {"message": "selenium.common.exceptions.TimeoutException: Message: \nStacktrace:\n\tGetHandleVerifier [0x0xcca8a3+63283]\n\tGetHandleVerifier [0x0xcca8e4+63348]\n\t(No symbol) [0x0xb03e43]\n\t(No symbol) [0x0xb4c8de]\n\t(No symbol) [0x0xb4cc7b]\n\t(No symbol) [0x0xb94ef2]\n\t(No symbol) [0x0xb71464]\n\t(No symbol) [0x0xb9271a]\n\t(No symbol) [0x0xb71216]\n\t(No symbol) [0x0xb40855]\n\t(No symbol) [0x0xb416f4]\n\tGetHandleVerifier [0x0xf3bb43+2623955]\n\tGetHandleVerifier [0x0xf36daa+2604090]\n\tGetHandleVerifier [0x0xcf069a+218410]\n\tGetHandleVerifier [0x0xce0ed8+154984]\n\tGetHandleVerifier [0x0xce742d+180925]\n\tGetHandleVerifier [0x0xcd22b8+94536]\n\tGetHandleVerifier [0x0xcd2442+94930]\n\tGetHandleVerifier [0x0xcbd5ea+9338]\n\tBaseThreadInitThunk [0x0x76a35d49+25]\n\tRtlInitializeExceptionChain [0x0x779cd2fb+107]\n\tRtlGetAppContainerNamedObjectPath [0x0x779cd281+561]\n\n", "trace": "  File \"C:\\Users\\Lizik\\AppData\\Local\\Programs\\Python\\Python313\\Lib\\site-packages\\allure_commons\\_allure.py\", line 202, in impl\n    return func(*a, **kw)\n  File \"C:\\Users\\Lizik\\OneDrive\\Рабочий стол\\git\\Kovalchuk_Automation\\lesson_10\\pages\\cart_page.py\", line 19, in click_checkout\n    self.click(self.CHECKOUT_BUTTON)\n    ~~~~~~~~~~^^^^^^^^^^^^^^^^^^^^^^\n  File \"C:\\Users\\Lizik\\AppData\\Local\\Programs\\Python\\Python313\\Lib\\site-packages\\allure_commons\\_allure.py\", line 202, in impl\n    return func(*a, **kw)\n  File \"C:\\Users\\Lizik\\OneDrive\\Рабочий стол\\git\\Kovalchuk_Automation\\lesson_10\\pages\\base_page.py\", line 77, in click\n    element = self.find_element(locator)\n  File \"C:\\Users\\Lizik\\AppData\\Local\\Programs\\Python\\Python313\\Lib\\site-packages\\allure_commons\\_allure.py\", line 202, in impl\n    return func(*a, **kw)\n  File \"C:\\Users\\Lizik\\OneDrive\\Рабочий стол\\git\\Kovalchuk_Automation\\lesson_10\\pages\\base_page.py\", line 54, in find_element\n    return self.wait.until(EC.visibility_of_element_located(locator))\n           ~~~~~~~~~~~~~~~^^^^^^^^^^^^^^^^^^^^^^^^^^^^^^^^^^^^^^^^^^^\n  File \"C:\\Users\\Lizik\\AppData\\Local\\Programs\\Python\\Python313\\Lib\\site-packages\\selenium\\webdriver\\support\\wait.py\", line 138, in until\n    raise TimeoutException(message, screen, stacktrace)\n"}, "steps": [{"name": "Кликнуть по элементу: ('id', 'checkout')", "status": "broken", "statusDetails": {"message": "selenium.common.exceptions.TimeoutException: Message: \nStacktrace:\n\tGetHandleVerifier [0x0xcca8a3+63283]\n\tGetHandleVerifier [0x0xcca8e4+63348]\n\t(No symbol) [0x0xb03e43]\n\t(No symbol) [0x0xb4c8de]\n\t(No symbol) [0x0xb4cc7b]\n\t(No symbol) [0x0xb94ef2]\n\t(No symbol) [0x0xb71464]\n\t(No symbol) [0x0xb9271a]\n\t(No symbol) [0x0xb71216]\n\t(No symbol) [0x0xb40855]\n\t(No symbol) [0x0xb416f4]\n\tGetHandleVerifier [0x0xf3bb43+2623955]\n\tGetHandleVerifier [0x0xf36daa+2604090]\n\tGetHandleVerifier [0x0xcf069a+218410]\n\tGetHandleVerifier [0x0xce0ed8+154984]\n\tGetHandleVerifier [0x0xce742d+180925]\n\tGetHandleVerifier [0x0xcd22b8+94536]\n\tGetHandleVerifier [0x0xcd2442+94930]\n\tGetHandleVerifier [0x0xcbd5ea+9338]\n\tBaseThreadInitThunk [0x0x76a35d49+25]\n\tRtlInitializeExceptionChain [0x0x779cd2fb+107]\n\tRtlGetAppContainerNamedObjectPath [0x0x779cd281+561]\n\n", "trace": "  File \"C:\\Users\\Lizik\\AppData\\Local\\Programs\\Python\\Python313\\Lib\\site-packages\\allure_commons\\_allure.py\", line 202, in impl\n    return func(*a, **kw)\n  File \"C:\\Users\\Lizik\\OneDrive\\Рабочий стол\\git\\Kovalchuk_Automation\\lesson_10\\pages\\base_page.py\", line 77, in click\n    element = self.find_element(locator)\n  File \"C:\\Users\\Lizik\\AppData\\Local\\Programs\\Python\\Python313\\Lib\\site-packages\\allure_commons\\_allure.py\", line 202, in impl\n    return func(*a, **kw)\n  File \"C:\\Users\\Lizik\\OneDrive\\Рабочий стол\\git\\Kovalchuk_Automation\\lesson_10\\pages\\base_page.py\", line 54, in find_element\n    return self.wait.until(EC.visibility_of_element_located(locator))\n           ~~~~~~~~~~~~~~~^^^^^^^^^^^^^^^^^^^^^^^^^^^^^^^^^^^^^^^^^^^\n  File \"C:\\Users\\Lizik\\AppData\\Local\\Programs\\Python\\Python313\\Lib\\site-packages\\selenium\\webdriver\\support\\wait.py\", line 138, in until\n    raise TimeoutException(message, screen, stacktrace)\n"}, "steps": [{"name": "Найти элемент по локатору: ('id', 'checkout')", "status": "broken", "statusDetails": {"message": "selenium.common.exceptions.TimeoutException: Message: \nStacktrace:\n\tGetHandleVerifier [0x0xcca8a3+63283]\n\tGetHandleVerifier [0x0xcca8e4+63348]\n\t(No symbol) [0x0xb03e43]\n\t(No symbol) [0x0xb4c8de]\n\t(No symbol) [0x0xb4cc7b]\n\t(No symbol) [0x0xb94ef2]\n\t(No symbol) [0x0xb71464]\n\t(No symbol) [0x0xb9271a]\n\t(No symbol) [0x0xb71216]\n\t(No symbol) [0x0xb40855]\n\t(No symbol) [0x0xb416f4]\n\tGetHandleVerifier [0x0xf3bb43+2623955]\n\tGetHandleVerifier [0x0xf36daa+2604090]\n\tGetHandleVerifier [0x0xcf069a+218410]\n\tGetHandleVerifier [0x0xce0ed8+154984]\n\tGetHandleVerifier [0x0xce742d+180925]\n\tGetHandleVerifier [0x0xcd22b8+94536]\n\tGetHandleVerifier [0x0xcd2442+94930]\n\tGetHandleVerifier [0x0xcbd5ea+9338]\n\tBaseThreadInitThunk [0x0x76a35d49+25]\n\tRtlInitializeExceptionChain [0x0x779cd2fb+107]\n\tRtlGetAppContainerNamedObjectPath [0x0x779cd281+561]\n\n", "trace": "  File \"C:\\Users\\Lizik\\AppData\\Local\\Programs\\Python\\Python313\\Lib\\site-packages\\allure_commons\\_allure.py\", line 202, in impl\n    return func(*a, **kw)\n  File \"C:\\Users\\Lizik\\OneDrive\\Рабочий стол\\git\\Kovalchuk_Automation\\lesson_10\\pages\\base_page.py\", line 54, in find_element\n    return self.wait.until(EC.visibility_of_element_located(locator))\n           ~~~~~~~~~~~~~~~^^^^^^^^^^^^^^^^^^^^^^^^^^^^^^^^^^^^^^^^^^^\n  File \"C:\\Users\\Lizik\\AppData\\Local\\Programs\\Python\\Python313\\Lib\\site-packages\\selenium\\webdriver\\support\\wait.py\", line 138, in until\n    raise TimeoutException(message, screen, stacktrace)\n"}, "parameters": [{"name": "locator", "value": "('id', 'checkout')"}], "start": 1757439680301, "stop": 1757439690351}], "parameters": [{"name": "locator", "value": "('id', 'checkout')"}], "start": 1757439680301, "stop": 1757439690352}], "start": 1757439680301, "stop": 1757439690352}], "start": 1757439680301, "stop": 1757439690353}], "attachments": [{"name": "screenshot_on_failure", "source": "ea20dab2-356f-42bc-9fcb-af1c94fb7b32-attachment.png", "type": "image/png"}], "start": 1757439678579, "stop": 1757439690354, "uuid": "55304c91-e253-48e0-a61a-a0613dd6bcfd", "historyId": "c1f036d9c6dac823010842b8ba6b1b36", "testCaseId": "c1f036d9c6dac823010842b8ba6b1b36", "fullName": "tests.test_shopping.TestShopping#test_shopping_cart_total", "labels": [{"name": "severity", "value": "critical"}, {"name": "feature", "value": "Корзина покупок"}, {"name": "parentSuite", "value": "tests"}, {"name": "suite", "value": "test_shopping"}, {"name": "subSuite", "value": "TestShopping"}, {"name": "host", "value": "Lisss"}, {"name": "thread", "value": "15836-MainThread"}, {"name": "framework", "value": "pytest"}, {"name": "language", "value": "cpython3"}, {"name": "package", "value": "tests.test_shopping"}], "titlePath": ["tests", "test_shopping.py", "TestShopping"]}