{"name": "Проверка итоговой суммы заказа", "status": "broken", "statusDetails": {"message": "selenium.common.exceptions.TimeoutException: Message: \nStacktrace:\n\tGetHandleVerifier [0x0xcca8a3+63283]\n\tGetHandleVerifier [0x0xcca8e4+63348]\n\t(No symbol) [0x0xb03e43]\n\t(No symbol) [0x0xb4c8de]\n\t(No symbol) [0x0xb4cc7b]\n\t(No symbol) [0x0xb94ef2]\n\t(No symbol) [0x0xb71464]\n\t(No symbol) [0x0xb9271a]\n\t(No symbol) [0x0xb71216]\n\t(No symbol) [0x0xb40855]\n\t(No symbol) [0x0xb416f4]\n\tGetHandleVerifier [0x0xf3bb43+2623955]\n\tGetHandleVerifier [0x0xf36daa+2604090]\n\tGetHandleVerifier [0x0xcf069a+218410]\n\tGetHandleVerifier [0x0xce0ed8+154984]\n\tGetHandleVerifier [0x0xce742d+180925]\n\tGetHandleVerifier [0x0xcd22b8+94536]\n\tGetHandleVerifier [0x0xcd2442+94930]\n\tGetHandleVerifier [0x0xcbd5ea+9338]\n\tBaseThreadInitThunk [0x0x76a35d49+25]\n\tRtlInitializeExceptionChain [0x0x779cd2fb+107]\n\tRtlGetAppContainerNamedObjectPath [0x0x779cd281+561]", "trace": "self = <tests.test_shopping.TestShopping object at 0x0000027D78E61E50>, browser = <selenium.webdriver.chrome.webdriver.WebDriver (session=\"4007f0a37d13c879212e6d5c2443d89d\")>\n\n    @allure.title(\"Проверка итоговой суммы заказа\")\n    @allure.description(\"Тест проверяет корректность расчета итоговой суммы при добавлении нескольких товаров в корзину\")\n    @allure.feature(\"Корзина покупок\")\n    @allure.severity(allure.severity_level.CRITICAL)\n    def test_shopping_cart_total(self, browser) -> None:\n        \"\"\"\n        Тест проверки итоговой суммы заказа\n    \n        Args:\n            browser: Фикстура браузера\n        \"\"\"\n    \n        with allure.step(\"Логин в систему\"):\n            login_page = LoginPage(browser)\n            login_page.login(\"standard_user\", \"secret_sauce\")\n    \n        with allure.step(\"Добавление товаров в корзину\"):\n            main_page = MainPage(browser)\n    \n            # Добавляем первый товар и проверяем счетчик\n>           main_page.add_product_to_cart(\"Sauce Labs Backpack\")\n\ntests\\test_shopping.py:34: \n_ _ _ _ _ _ _ _ _ _ _ _ _ _ _ _ _ _ _ _ _ _ _ _ _ _ _ _ _ _ _ _ _ _ _ _ _ _ _ _ _ _ _ _ _ _ _ _ _ _ _ _ _ _ _ _ _ _ _ _ _ _ _ _ _ _ _ _ _ _ _ _ _ _ _ _ _ _ _ _ _ _ _ _ _ _ _ _ _ _ _ _ _ _ _ _ _ _ _ _ _ _ _ _ _ _ \npages\\main_page.py:35: in add_product_to_cart\n    self.wait.until(EC.visibility_of_element_located(self.CART_BADGE))\n_ _ _ _ _ _ _ _ _ _ _ _ _ _ _ _ _ _ _ _ _ _ _ _ _ _ _ _ _ _ _ _ _ _ _ _ _ _ _ _ _ _ _ _ _ _ _ _ _ _ _ _ _ _ _ _ _ _ _ _ _ _ _ _ _ _ _ _ _ _ _ _ _ _ _ _ _ _ _ _ _ _ _ _ _ _ _ _ _ _ _ _ _ _ _ _ _ _ _ _ _ _ _ _ _ _ \n\nself = <selenium.webdriver.support.wait.WebDriverWait (session=\"4007f0a37d13c879212e6d5c2443d89d\")>, method = <function visibility_of_element_located.<locals>._predicate at 0x0000027D78ED8D60>, message = ''\n\n    def until(self, method: Callable[[D], Union[Literal[False], T]], message: str = \"\") -> T:\n        \"\"\"Wait until the method returns a value that is not False.\n    \n        Calls the method provided with the driver as an argument until the\n        return value does not evaluate to ``False``.\n    \n        Parameters:\n        -----------\n        method: callable(WebDriver)\n            - A callable object that takes a WebDriver instance as an argument.\n    \n        message: str\n            - Optional message for :exc:`TimeoutException`\n    \n        Return:\n        -------\n        object: T\n            - The result of the last call to `method`\n    \n        Raises:\n        -------\n        TimeoutException\n            - If 'method' does not return a truthy value within the WebDriverWait\n            object's timeout\n    \n        Example:\n        --------\n        >>> from selenium.webdriver.common.by import By\n        >>> from selenium.webdriver.support.ui import WebDriverWait\n        >>> from selenium.webdriver.support import expected_conditions as EC\n    \n        # Wait until an element is visible on the page\n        >>> wait = WebDriverWait(driver, 10)\n        >>> element = wait.until(EC.visibility_of_element_located((By.ID, \"exampleId\")))\n        >>> print(element.text)\n        \"\"\"\n        screen = None\n        stacktrace = None\n    \n        end_time = time.monotonic() + self._timeout\n        while True:\n            try:\n                value = method(self._driver)\n                if value:\n                    return value\n            except self._ignored_exceptions as exc:\n                screen = getattr(exc, \"screen\", None)\n                stacktrace = getattr(exc, \"stacktrace\", None)\n            if time.monotonic() > end_time:\n                break\n            time.sleep(self._poll)\n>       raise TimeoutException(message, screen, stacktrace)\nE       selenium.common.exceptions.TimeoutException: Message: \nE       Stacktrace:\nE       \tGetHandleVerifier [0x0xcca8a3+63283]\nE       \tGetHandleVerifier [0x0xcca8e4+63348]\nE       \t(No symbol) [0x0xb03e43]\nE       \t(No symbol) [0x0xb4c8de]\nE       \t(No symbol) [0x0xb4cc7b]\nE       \t(No symbol) [0x0xb94ef2]\nE       \t(No symbol) [0x0xb71464]\nE       \t(No symbol) [0x0xb9271a]\nE       \t(No symbol) [0x0xb71216]\nE       \t(No symbol) [0x0xb40855]\nE       \t(No symbol) [0x0xb416f4]\nE       \tGetHandleVerifier [0x0xf3bb43+2623955]\nE       \tGetHandleVerifier [0x0xf36daa+2604090]\nE       \tGetHandleVerifier [0x0xcf069a+218410]\nE       \tGetHandleVerifier [0x0xce0ed8+154984]\nE       \tGetHandleVerifier [0x0xce742d+180925]\nE       \tGetHandleVerifier [0x0xcd22b8+94536]\nE       \tGetHandleVerifier [0x0xcd2442+94930]\nE       \tGetHandleVerifier [0x0xcbd5ea+9338]\nE       \tBaseThreadInitThunk [0x0x76a35d49+25]\nE       \tRtlInitializeExceptionChain [0x0x779cd2fb+107]\nE       \tRtlGetAppContainerNamedObjectPath [0x0x779cd281+561]\n\nC:\\Users\\Lizik\\AppData\\Local\\Programs\\Python\\Python313\\Lib\\site-packages\\selenium\\webdriver\\support\\wait.py:138: TimeoutException"}, "description": "Тест проверяет корректность расчета итоговой суммы при добавлении нескольких товаров в корзину", "steps": [{"name": "Логин в систему", "status": "passed", "steps": [{"name": "Выполнить полный процесс логина", "status": "passed", "steps": [{"name": "Открыть страницу логина", "status": "passed", "start": 1757442378880, "stop": 1757442379466}, {"name": "Ввести имя пользователя: 'standard_user'", "status": "passed", "steps": [{"name": "Ввести текст ''standard_user'' в элемент: ('id', 'user-name')", "status": "passed", "steps": [{"name": "Найти элемент по локатору: ('id', 'user-name')", "status": "passed", "parameters": [{"name": "locator", "value": "('id', 'user-name')"}], "start": 1757442379467, "stop": 1757442379486}], "parameters": [{"name": "locator", "value": "('id', 'user-name')"}, {"name": "text", "value": "'standard_user'"}], "start": 1757442379467, "stop": 1757442379577}], "parameters": [{"name": "username", "value": "'standard_user'"}], "start": 1757442379467, "stop": 1757442379577}, {"name": "Ввести пароль", "status": "passed", "steps": [{"name": "Ввести текст ''secret_sauce'' в элемент: ('id', 'password')", "status": "passed", "steps": [{"name": "Найти элемент по локатору: ('id', 'password')", "status": "passed", "parameters": [{"name": "locator", "value": "('id', 'password')"}], "start": 1757442379577, "stop": 1757442379594}], "parameters": [{"name": "locator", "value": "('id', 'password')"}, {"name": "text", "value": "'secret_sauce'"}], "start": 1757442379577, "stop": 1757442379669}], "parameters": [{"name": "password", "value": "'secret_sauce'"}], "start": 1757442379577, "stop": 1757442379669}, {"name": "Нажать кнопку входа", "status": "passed", "steps": [{"name": "Кликнуть по элементу: ('id', 'login-button')", "status": "passed", "steps": [{"name": "Найти элемент по локатору: ('id', 'login-button')", "status": "passed", "parameters": [{"name": "locator", "value": "('id', 'login-button')"}], "start": 1757442379669, "stop": 1757442379684}], "parameters": [{"name": "locator", "value": "('id', 'login-button')"}], "start": 1757442379669, "stop": 1757442379765}], "start": 1757442379669, "stop": 1757442379765}, {"name": "Ожидание 3 секунд", "status": "passed", "parameters": [{"name": "seconds", "value": "3"}], "start": 1757442379765, "stop": 1757442382766}, {"name": "Сделать скриншот: 'after_login'", "status": "passed", "attachments": [{"name": "after_login", "source": "50d4938f-c0bd-4ac5-9dda-d47e68adcea7-attachment.png", "type": "image/png"}], "parameters": [{"name": "name", "value": "'after_login'"}], "start": 1757442382766, "stop": 1757442382850}], "parameters": [{"name": "username", "value": "'standard_user'"}, {"name": "password", "value": "'secret_sauce'"}], "start": 1757442378880, "stop": 1757442382850}], "start": 1757442378880, "stop": 1757442382850}, {"name": "Добавление товаров в корзину", "status": "broken", "statusDetails": {"message": "selenium.common.exceptions.TimeoutException: Message: \nStacktrace:\n\tGetHandleVerifier [0x0xcca8a3+63283]\n\tGetHandleVerifier [0x0xcca8e4+63348]\n\t(No symbol) [0x0xb03e43]\n\t(No symbol) [0x0xb4c8de]\n\t(No symbol) [0x0xb4cc7b]\n\t(No symbol) [0x0xb94ef2]\n\t(No symbol) [0x0xb71464]\n\t(No symbol) [0x0xb9271a]\n\t(No symbol) [0x0xb71216]\n\t(No symbol) [0x0xb40855]\n\t(No symbol) [0x0xb416f4]\n\tGetHandleVerifier [0x0xf3bb43+2623955]\n\tGetHandleVerifier [0x0xf36daa+2604090]\n\tGetHandleVerifier [0x0xcf069a+218410]\n\tGetHandleVerifier [0x0xce0ed8+154984]\n\tGetHandleVerifier [0x0xce742d+180925]\n\tGetHandleVerifier [0x0xcd22b8+94536]\n\tGetHandleVerifier [0x0xcd2442+94930]\n\tGetHandleVerifier [0x0xcbd5ea+9338]\n\tBaseThreadInitThunk [0x0x76a35d49+25]\n\tRtlInitializeExceptionChain [0x0x779cd2fb+107]\n\tRtlGetAppContainerNamedObjectPath [0x0x779cd281+561]\n\n", "trace": "  File \"C:\\Users\\Lizik\\OneDrive\\Рабочий стол\\git\\Kovalchuk_Automation\\lesson_10\\tests\\test_shopping.py\", line 34, in test_shopping_cart_total\n    main_page.add_product_to_cart(\"Sauce Labs Backpack\")\n    ~~~~~~~~~~~~~~~~~~~~~~~~~~~~~^^^^^^^^^^^^^^^^^^^^^^^\n  File \"C:\\Users\\Lizik\\AppData\\Local\\Programs\\Python\\Python313\\Lib\\site-packages\\allure_commons\\_allure.py\", line 202, in impl\n    return func(*a, **kw)\n  File \"C:\\Users\\Lizik\\OneDrive\\Рабочий стол\\git\\Kovalchuk_Automation\\lesson_10\\pages\\main_page.py\", line 35, in add_product_to_cart\n    self.wait.until(EC.visibility_of_element_located(self.CART_BADGE))\n    ~~~~~~~~~~~~~~~^^^^^^^^^^^^^^^^^^^^^^^^^^^^^^^^^^^^^^^^^^^^^^^^^^^\n  File \"C:\\Users\\Lizik\\AppData\\Local\\Programs\\Python\\Python313\\Lib\\site-packages\\selenium\\webdriver\\support\\wait.py\", line 138, in until\n    raise TimeoutException(message, screen, stacktrace)\n"}, "steps": [{"name": "Добавить товар ''Sauce Labs Backpack'' в корзину", "status": "broken", "statusDetails": {"message": "selenium.common.exceptions.TimeoutException: Message: \nStacktrace:\n\tGetHandleVerifier [0x0xcca8a3+63283]\n\tGetHandleVerifier [0x0xcca8e4+63348]\n\t(No symbol) [0x0xb03e43]\n\t(No symbol) [0x0xb4c8de]\n\t(No symbol) [0x0xb4cc7b]\n\t(No symbol) [0x0xb94ef2]\n\t(No symbol) [0x0xb71464]\n\t(No symbol) [0x0xb9271a]\n\t(No symbol) [0x0xb71216]\n\t(No symbol) [0x0xb40855]\n\t(No symbol) [0x0xb416f4]\n\tGetHandleVerifier [0x0xf3bb43+2623955]\n\tGetHandleVerifier [0x0xf36daa+2604090]\n\tGetHandleVerifier [0x0xcf069a+218410]\n\tGetHandleVerifier [0x0xce0ed8+154984]\n\tGetHandleVerifier [0x0xce742d+180925]\n\tGetHandleVerifier [0x0xcd22b8+94536]\n\tGetHandleVerifier [0x0xcd2442+94930]\n\tGetHandleVerifier [0x0xcbd5ea+9338]\n\tBaseThreadInitThunk [0x0x76a35d49+25]\n\tRtlInitializeExceptionChain [0x0x779cd2fb+107]\n\tRtlGetAppContainerNamedObjectPath [0x0x779cd281+561]\n\n", "trace": "  File \"C:\\Users\\Lizik\\AppData\\Local\\Programs\\Python\\Python313\\Lib\\site-packages\\allure_commons\\_allure.py\", line 202, in impl\n    return func(*a, **kw)\n  File \"C:\\Users\\Lizik\\OneDrive\\Рабочий стол\\git\\Kovalchuk_Automation\\lesson_10\\pages\\main_page.py\", line 35, in add_product_to_cart\n    self.wait.until(EC.visibility_of_element_located(self.CART_BADGE))\n    ~~~~~~~~~~~~~~~^^^^^^^^^^^^^^^^^^^^^^^^^^^^^^^^^^^^^^^^^^^^^^^^^^^\n  File \"C:\\Users\\Lizik\\AppData\\Local\\Programs\\Python\\Python313\\Lib\\site-packages\\selenium\\webdriver\\support\\wait.py\", line 138, in until\n    raise TimeoutException(message, screen, stacktrace)\n"}, "steps": [{"name": "Кликнуть по элементу: ('xpath', \"//div[text()='Sauce Labs Backpack']/ancestor::div[@class='inventory_item']//button\")", "status": "passed", "steps": [{"name": "Найти элемент по локатору: ('xpath', \"//div[text()='Sauce Labs Backpack']/ancestor::div[@class='inventory_item']//button\")", "status": "passed", "parameters": [{"name": "locator", "value": "('xpath', \"//div[text()='Sauce Labs Backpack']/ancestor::div[@class='inventory_item']//button\")"}], "start": 1757442382878, "stop": 1757442382888}], "parameters": [{"name": "locator", "value": "('xpath', \"//div[text()='Sauce Labs Backpack']/ancestor::div[@class='inventory_item']//button\")"}], "start": 1757442382878, "stop": 1757442382933}], "parameters": [{"name": "product_name", "value": "'Sauce Labs Backpack'"}], "start": 1757442382851, "stop": 1757442403522}], "start": 1757442382851, "stop": 1757442403524}], "attachments": [{"name": "screenshot_on_failure", "source": "961a2b72-09bb-4a73-9545-5fc8ad577883-attachment.png", "type": "image/png"}], "start": 1757442378880, "stop": 1757442403524, "uuid": "6e0ca7d2-28e4-4132-a161-a9fc226f5a7b", "historyId": "c1f036d9c6dac823010842b8ba6b1b36", "testCaseId": "c1f036d9c6dac823010842b8ba6b1b36", "fullName": "tests.test_shopping.TestShopping#test_shopping_cart_total", "labels": [{"name": "severity", "value": "critical"}, {"name": "feature", "value": "Корзина покупок"}, {"name": "parentSuite", "value": "tests"}, {"name": "suite", "value": "test_shopping"}, {"name": "subSuite", "value": "TestShopping"}, {"name": "host", "value": "Lisss"}, {"name": "thread", "value": "21576-MainThread"}, {"name": "framework", "value": "pytest"}, {"name": "language", "value": "cpython3"}, {"name": "package", "value": "tests.test_shopping"}], "titlePath": ["tests", "test_shopping.py", "TestShopping"]}