{"uid":"9faddbdda7cb9cf","name":"Проверка итоговой суммы заказа","fullName":"tests.test_shopping.TestShopping#test_shopping_cart_total","historyId":"c1f036d9c6dac823010842b8ba6b1b36","time":{"start":1757442378880,"stop":1757442403524,"duration":24644},"description":"Тест проверяет корректность расчета итоговой суммы при добавлении нескольких товаров в корзину","descriptionHtml":"<p>Тест проверяет корректность расчета итоговой суммы при добавлении нескольких товаров в корзину</p>\n","status":"broken","statusMessage":"selenium.common.exceptions.TimeoutException: Message: \nStacktrace:\n\tGetHandleVerifier [0x0xcca8a3+63283]\n\tGetHandleVerifier [0x0xcca8e4+63348]\n\t(No symbol) [0x0xb03e43]\n\t(No symbol) [0x0xb4c8de]\n\t(No symbol) [0x0xb4cc7b]\n\t(No symbol) [0x0xb94ef2]\n\t(No symbol) [0x0xb71464]\n\t(No symbol) [0x0xb9271a]\n\t(No symbol) [0x0xb71216]\n\t(No symbol) [0x0xb40855]\n\t(No symbol) [0x0xb416f4]\n\tGetHandleVerifier [0x0xf3bb43+2623955]\n\tGetHandleVerifier [0x0xf36daa+2604090]\n\tGetHandleVerifier [0x0xcf069a+218410]\n\tGetHandleVerifier [0x0xce0ed8+154984]\n\tGetHandleVerifier [0x0xce742d+180925]\n\tGetHandleVerifier [0x0xcd22b8+94536]\n\tGetHandleVerifier [0x0xcd2442+94930]\n\tGetHandleVerifier [0x0xcbd5ea+9338]\n\tBaseThreadInitThunk [0x0x76a35d49+25]\n\tRtlInitializeExceptionChain [0x0x779cd2fb+107]\n\tRtlGetAppContainerNamedObjectPath [0x0x779cd281+561]","statusTrace":"self = <tests.test_shopping.TestShopping object at 0x0000027D78E61E50>, browser = <selenium.webdriver.chrome.webdriver.WebDriver (session=\"4007f0a37d13c879212e6d5c2443d89d\")>\n\n    @allure.title(\"Проверка итоговой суммы заказа\")\n    @allure.description(\"Тест проверяет корректность расчета итоговой суммы при добавлении нескольких товаров в корзину\")\n    @allure.feature(\"Корзина покупок\")\n    @allure.severity(allure.severity_level.CRITICAL)\n    def test_shopping_cart_total(self, browser) -> None:\n        \"\"\"\n        Тест проверки итоговой суммы заказа\n    \n        Args:\n            browser: Фикстура браузера\n        \"\"\"\n    \n        with allure.step(\"Логин в систему\"):\n            login_page = LoginPage(browser)\n            login_page.login(\"standard_user\", \"secret_sauce\")\n    \n        with allure.step(\"Добавление товаров в корзину\"):\n            main_page = MainPage(browser)\n    \n            # Добавляем первый товар и проверяем счетчик\n>           main_page.add_product_to_cart(\"Sauce Labs Backpack\")\n\ntests\\test_shopping.py:34: \n_ _ _ _ _ _ _ _ _ _ _ _ _ _ _ _ _ _ _ _ _ _ _ _ _ _ _ _ _ _ _ _ _ _ _ _ _ _ _ _ _ _ _ _ _ _ _ _ _ _ _ _ _ _ _ _ _ _ _ _ _ _ _ _ _ _ _ _ _ _ _ _ _ _ _ _ _ _ _ _ _ _ _ _ _ _ _ _ _ _ _ _ _ _ _ _ _ _ _ _ _ _ _ _ _ _ \npages\\main_page.py:35: in add_product_to_cart\n    self.wait.until(EC.visibility_of_element_located(self.CART_BADGE))\n_ _ _ _ _ _ _ _ _ _ _ _ _ _ _ _ _ _ _ _ _ _ _ _ _ _ _ _ _ _ _ _ _ _ _ _ _ _ _ _ _ _ _ _ _ _ _ _ _ _ _ _ _ _ _ _ _ _ _ _ _ _ _ _ _ _ _ _ _ _ _ _ _ _ _ _ _ _ _ _ _ _ _ _ _ _ _ _ _ _ _ _ _ _ _ _ _ _ _ _ _ _ _ _ _ _ \n\nself = <selenium.webdriver.support.wait.WebDriverWait (session=\"4007f0a37d13c879212e6d5c2443d89d\")>, method = <function visibility_of_element_located.<locals>._predicate at 0x0000027D78ED8D60>, message = ''\n\n    def until(self, method: Callable[[D], Union[Literal[False], T]], message: str = \"\") -> T:\n        \"\"\"Wait until the method returns a value that is not False.\n    \n        Calls the method provided with the driver as an argument until the\n        return value does not evaluate to ``False``.\n    \n        Parameters:\n        -----------\n        method: callable(WebDriver)\n            - A callable object that takes a WebDriver instance as an argument.\n    \n        message: str\n            - Optional message for :exc:`TimeoutException`\n    \n        Return:\n        -------\n        object: T\n            - The result of the last call to `method`\n    \n        Raises:\n        -------\n        TimeoutException\n            - If 'method' does not return a truthy value within the WebDriverWait\n            object's timeout\n    \n        Example:\n        --------\n        >>> from selenium.webdriver.common.by import By\n        >>> from selenium.webdriver.support.ui import WebDriverWait\n        >>> from selenium.webdriver.support import expected_conditions as EC\n    \n        # Wait until an element is visible on the page\n        >>> wait = WebDriverWait(driver, 10)\n        >>> element = wait.until(EC.visibility_of_element_located((By.ID, \"exampleId\")))\n        >>> print(element.text)\n        \"\"\"\n        screen = None\n        stacktrace = None\n    \n        end_time = time.monotonic() + self._timeout\n        while True:\n            try:\n                value = method(self._driver)\n                if value:\n                    return value\n            except self._ignored_exceptions as exc:\n                screen = getattr(exc, \"screen\", None)\n                stacktrace = getattr(exc, \"stacktrace\", None)\n            if time.monotonic() > end_time:\n                break\n            time.sleep(self._poll)\n>       raise TimeoutException(message, screen, stacktrace)\nE       selenium.common.exceptions.TimeoutException: Message: \nE       Stacktrace:\nE       \tGetHandleVerifier [0x0xcca8a3+63283]\nE       \tGetHandleVerifier [0x0xcca8e4+63348]\nE       \t(No symbol) [0x0xb03e43]\nE       \t(No symbol) [0x0xb4c8de]\nE       \t(No symbol) [0x0xb4cc7b]\nE       \t(No symbol) [0x0xb94ef2]\nE       \t(No symbol) [0x0xb71464]\nE       \t(No symbol) [0x0xb9271a]\nE       \t(No symbol) [0x0xb71216]\nE       \t(No symbol) [0x0xb40855]\nE       \t(No symbol) [0x0xb416f4]\nE       \tGetHandleVerifier [0x0xf3bb43+2623955]\nE       \tGetHandleVerifier [0x0xf36daa+2604090]\nE       \tGetHandleVerifier [0x0xcf069a+218410]\nE       \tGetHandleVerifier [0x0xce0ed8+154984]\nE       \tGetHandleVerifier [0x0xce742d+180925]\nE       \tGetHandleVerifier [0x0xcd22b8+94536]\nE       \tGetHandleVerifier [0x0xcd2442+94930]\nE       \tGetHandleVerifier [0x0xcbd5ea+9338]\nE       \tBaseThreadInitThunk [0x0x76a35d49+25]\nE       \tRtlInitializeExceptionChain [0x0x779cd2fb+107]\nE       \tRtlGetAppContainerNamedObjectPath [0x0x779cd281+561]\n\nC:\\Users\\Lizik\\AppData\\Local\\Programs\\Python\\Python313\\Lib\\site-packages\\selenium\\webdriver\\support\\wait.py:138: TimeoutException","flaky":false,"newFailed":false,"newBroken":false,"newPassed":false,"retriesCount":0,"retriesStatusChange":false,"beforeStages":[{"name":"browser","time":{"start":1757442375956,"stop":1757442378880,"duration":2924},"status":"passed","steps":[],"attachments":[],"parameters":[],"shouldDisplayMessage":false,"attachmentsCount":0,"stepsCount":0,"attachmentStep":false,"hasContent":false}],"testStage":{"description":"Тест проверяет корректность расчета итоговой суммы при добавлении нескольких товаров в корзину","status":"broken","statusMessage":"selenium.common.exceptions.TimeoutException: Message: \nStacktrace:\n\tGetHandleVerifier [0x0xcca8a3+63283]\n\tGetHandleVerifier [0x0xcca8e4+63348]\n\t(No symbol) [0x0xb03e43]\n\t(No symbol) [0x0xb4c8de]\n\t(No symbol) [0x0xb4cc7b]\n\t(No symbol) [0x0xb94ef2]\n\t(No symbol) [0x0xb71464]\n\t(No symbol) [0x0xb9271a]\n\t(No symbol) [0x0xb71216]\n\t(No symbol) [0x0xb40855]\n\t(No symbol) [0x0xb416f4]\n\tGetHandleVerifier [0x0xf3bb43+2623955]\n\tGetHandleVerifier [0x0xf36daa+2604090]\n\tGetHandleVerifier [0x0xcf069a+218410]\n\tGetHandleVerifier [0x0xce0ed8+154984]\n\tGetHandleVerifier [0x0xce742d+180925]\n\tGetHandleVerifier [0x0xcd22b8+94536]\n\tGetHandleVerifier [0x0xcd2442+94930]\n\tGetHandleVerifier [0x0xcbd5ea+9338]\n\tBaseThreadInitThunk [0x0x76a35d49+25]\n\tRtlInitializeExceptionChain [0x0x779cd2fb+107]\n\tRtlGetAppContainerNamedObjectPath [0x0x779cd281+561]","statusTrace":"self = <tests.test_shopping.TestShopping object at 0x0000027D78E61E50>, browser = <selenium.webdriver.chrome.webdriver.WebDriver (session=\"4007f0a37d13c879212e6d5c2443d89d\")>\n\n    @allure.title(\"Проверка итоговой суммы заказа\")\n    @allure.description(\"Тест проверяет корректность расчета итоговой суммы при добавлении нескольких товаров в корзину\")\n    @allure.feature(\"Корзина покупок\")\n    @allure.severity(allure.severity_level.CRITICAL)\n    def test_shopping_cart_total(self, browser) -> None:\n        \"\"\"\n        Тест проверки итоговой суммы заказа\n    \n        Args:\n            browser: Фикстура браузера\n        \"\"\"\n    \n        with allure.step(\"Логин в систему\"):\n            login_page = LoginPage(browser)\n            login_page.login(\"standard_user\", \"secret_sauce\")\n    \n        with allure.step(\"Добавление товаров в корзину\"):\n            main_page = MainPage(browser)\n    \n            # Добавляем первый товар и проверяем счетчик\n>           main_page.add_product_to_cart(\"Sauce Labs Backpack\")\n\ntests\\test_shopping.py:34: \n_ _ _ _ _ _ _ _ _ _ _ _ _ _ _ _ _ _ _ _ _ _ _ _ _ _ _ _ _ _ _ _ _ _ _ _ _ _ _ _ _ _ _ _ _ _ _ _ _ _ _ _ _ _ _ _ _ _ _ _ _ _ _ _ _ _ _ _ _ _ _ _ _ _ _ _ _ _ _ _ _ _ _ _ _ _ _ _ _ _ _ _ _ _ _ _ _ _ _ _ _ _ _ _ _ _ \npages\\main_page.py:35: in add_product_to_cart\n    self.wait.until(EC.visibility_of_element_located(self.CART_BADGE))\n_ _ _ _ _ _ _ _ _ _ _ _ _ _ _ _ _ _ _ _ _ _ _ _ _ _ _ _ _ _ _ _ _ _ _ _ _ _ _ _ _ _ _ _ _ _ _ _ _ _ _ _ _ _ _ _ _ _ _ _ _ _ _ _ _ _ _ _ _ _ _ _ _ _ _ _ _ _ _ _ _ _ _ _ _ _ _ _ _ _ _ _ _ _ _ _ _ _ _ _ _ _ _ _ _ _ \n\nself = <selenium.webdriver.support.wait.WebDriverWait (session=\"4007f0a37d13c879212e6d5c2443d89d\")>, method = <function visibility_of_element_located.<locals>._predicate at 0x0000027D78ED8D60>, message = ''\n\n    def until(self, method: Callable[[D], Union[Literal[False], T]], message: str = \"\") -> T:\n        \"\"\"Wait until the method returns a value that is not False.\n    \n        Calls the method provided with the driver as an argument until the\n        return value does not evaluate to ``False``.\n    \n        Parameters:\n        -----------\n        method: callable(WebDriver)\n            - A callable object that takes a WebDriver instance as an argument.\n    \n        message: str\n            - Optional message for :exc:`TimeoutException`\n    \n        Return:\n        -------\n        object: T\n            - The result of the last call to `method`\n    \n        Raises:\n        -------\n        TimeoutException\n            - If 'method' does not return a truthy value within the WebDriverWait\n            object's timeout\n    \n        Example:\n        --------\n        >>> from selenium.webdriver.common.by import By\n        >>> from selenium.webdriver.support.ui import WebDriverWait\n        >>> from selenium.webdriver.support import expected_conditions as EC\n    \n        # Wait until an element is visible on the page\n        >>> wait = WebDriverWait(driver, 10)\n        >>> element = wait.until(EC.visibility_of_element_located((By.ID, \"exampleId\")))\n        >>> print(element.text)\n        \"\"\"\n        screen = None\n        stacktrace = None\n    \n        end_time = time.monotonic() + self._timeout\n        while True:\n            try:\n                value = method(self._driver)\n                if value:\n                    return value\n            except self._ignored_exceptions as exc:\n                screen = getattr(exc, \"screen\", None)\n                stacktrace = getattr(exc, \"stacktrace\", None)\n            if time.monotonic() > end_time:\n                break\n            time.sleep(self._poll)\n>       raise TimeoutException(message, screen, stacktrace)\nE       selenium.common.exceptions.TimeoutException: Message: \nE       Stacktrace:\nE       \tGetHandleVerifier [0x0xcca8a3+63283]\nE       \tGetHandleVerifier [0x0xcca8e4+63348]\nE       \t(No symbol) [0x0xb03e43]\nE       \t(No symbol) [0x0xb4c8de]\nE       \t(No symbol) [0x0xb4cc7b]\nE       \t(No symbol) [0x0xb94ef2]\nE       \t(No symbol) [0x0xb71464]\nE       \t(No symbol) [0x0xb9271a]\nE       \t(No symbol) [0x0xb71216]\nE       \t(No symbol) [0x0xb40855]\nE       \t(No symbol) [0x0xb416f4]\nE       \tGetHandleVerifier [0x0xf3bb43+2623955]\nE       \tGetHandleVerifier [0x0xf36daa+2604090]\nE       \tGetHandleVerifier [0x0xcf069a+218410]\nE       \tGetHandleVerifier [0x0xce0ed8+154984]\nE       \tGetHandleVerifier [0x0xce742d+180925]\nE       \tGetHandleVerifier [0x0xcd22b8+94536]\nE       \tGetHandleVerifier [0x0xcd2442+94930]\nE       \tGetHandleVerifier [0x0xcbd5ea+9338]\nE       \tBaseThreadInitThunk [0x0x76a35d49+25]\nE       \tRtlInitializeExceptionChain [0x0x779cd2fb+107]\nE       \tRtlGetAppContainerNamedObjectPath [0x0x779cd281+561]\n\nC:\\Users\\Lizik\\AppData\\Local\\Programs\\Python\\Python313\\Lib\\site-packages\\selenium\\webdriver\\support\\wait.py:138: TimeoutException","steps":[{"name":"Логин в систему","time":{"start":1757442378880,"stop":1757442382850,"duration":3970},"status":"passed","steps":[{"name":"Выполнить полный процесс логина","time":{"start":1757442378880,"stop":1757442382850,"duration":3970},"status":"passed","steps":[{"name":"Открыть страницу логина","time":{"start":1757442378880,"stop":1757442379466,"duration":586},"status":"passed","steps":[],"attachments":[],"parameters":[],"shouldDisplayMessage":false,"attachmentsCount":0,"stepsCount":0,"attachmentStep":false,"hasContent":false},{"name":"Ввести имя пользователя: 'standard_user'","time":{"start":1757442379467,"stop":1757442379577,"duration":110},"status":"passed","steps":[{"name":"Ввести текст ''standard_user'' в элемент: ('id', 'user-name')","time":{"start":1757442379467,"stop":1757442379577,"duration":110},"status":"passed","steps":[{"name":"Найти элемент по локатору: ('id', 'user-name')","time":{"start":1757442379467,"stop":1757442379486,"duration":19},"status":"passed","steps":[],"attachments":[],"parameters":[{"name":"locator","value":"('id', 'user-name')"}],"shouldDisplayMessage":false,"attachmentsCount":0,"stepsCount":0,"attachmentStep":false,"hasContent":true}],"attachments":[],"parameters":[{"name":"locator","value":"('id', 'user-name')"},{"name":"text","value":"'standard_user'"}],"shouldDisplayMessage":false,"attachmentsCount":0,"stepsCount":1,"attachmentStep":false,"hasContent":true}],"attachments":[],"parameters":[{"name":"username","value":"'standard_user'"}],"shouldDisplayMessage":false,"attachmentsCount":0,"stepsCount":2,"attachmentStep":false,"hasContent":true},{"name":"Ввести пароль","time":{"start":1757442379577,"stop":1757442379669,"duration":92},"status":"passed","steps":[{"name":"Ввести текст ''secret_sauce'' в элемент: ('id', 'password')","time":{"start":1757442379577,"stop":1757442379669,"duration":92},"status":"passed","steps":[{"name":"Найти элемент по локатору: ('id', 'password')","time":{"start":1757442379577,"stop":1757442379594,"duration":17},"status":"passed","steps":[],"attachments":[],"parameters":[{"name":"locator","value":"('id', 'password')"}],"shouldDisplayMessage":false,"attachmentsCount":0,"stepsCount":0,"attachmentStep":false,"hasContent":true}],"attachments":[],"parameters":[{"name":"locator","value":"('id', 'password')"},{"name":"text","value":"'secret_sauce'"}],"shouldDisplayMessage":false,"attachmentsCount":0,"stepsCount":1,"attachmentStep":false,"hasContent":true}],"attachments":[],"parameters":[{"name":"password","value":"'secret_sauce'"}],"shouldDisplayMessage":false,"attachmentsCount":0,"stepsCount":2,"attachmentStep":false,"hasContent":true},{"name":"Нажать кнопку входа","time":{"start":1757442379669,"stop":1757442379765,"duration":96},"status":"passed","steps":[{"name":"Кликнуть по элементу: ('id', 'login-button')","time":{"start":1757442379669,"stop":1757442379765,"duration":96},"status":"passed","steps":[{"name":"Найти элемент по локатору: ('id', 'login-button')","time":{"start":1757442379669,"stop":1757442379684,"duration":15},"status":"passed","steps":[],"attachments":[],"parameters":[{"name":"locator","value":"('id', 'login-button')"}],"shouldDisplayMessage":false,"attachmentsCount":0,"stepsCount":0,"attachmentStep":false,"hasContent":true}],"attachments":[],"parameters":[{"name":"locator","value":"('id', 'login-button')"}],"shouldDisplayMessage":false,"attachmentsCount":0,"stepsCount":1,"attachmentStep":false,"hasContent":true}],"attachments":[],"parameters":[],"shouldDisplayMessage":false,"attachmentsCount":0,"stepsCount":2,"attachmentStep":false,"hasContent":true},{"name":"Ожидание 3 секунд","time":{"start":1757442379765,"stop":1757442382766,"duration":3001},"status":"passed","steps":[],"attachments":[],"parameters":[{"name":"seconds","value":"3"}],"shouldDisplayMessage":false,"attachmentsCount":0,"stepsCount":0,"attachmentStep":false,"hasContent":true},{"name":"Сделать скриншот: 'after_login'","time":{"start":1757442382766,"stop":1757442382850,"duration":84},"status":"passed","steps":[],"attachments":[{"uid":"987ba30249d41ebd","name":"after_login","source":"987ba30249d41ebd.png","type":"image/png","size":145489}],"parameters":[{"name":"name","value":"'after_login'"}],"shouldDisplayMessage":false,"attachmentsCount":1,"stepsCount":0,"attachmentStep":false,"hasContent":true}],"attachments":[],"parameters":[{"name":"username","value":"'standard_user'"},{"name":"password","value":"'secret_sauce'"}],"shouldDisplayMessage":false,"attachmentsCount":1,"stepsCount":12,"attachmentStep":false,"hasContent":true}],"attachments":[],"parameters":[],"shouldDisplayMessage":false,"attachmentsCount":1,"stepsCount":13,"attachmentStep":false,"hasContent":true},{"name":"Добавление товаров в корзину","time":{"start":1757442382851,"stop":1757442403524,"duration":20673},"status":"broken","statusMessage":"selenium.common.exceptions.TimeoutException: Message: \nStacktrace:\n\tGetHandleVerifier [0x0xcca8a3+63283]\n\tGetHandleVerifier [0x0xcca8e4+63348]\n\t(No symbol) [0x0xb03e43]\n\t(No symbol) [0x0xb4c8de]\n\t(No symbol) [0x0xb4cc7b]\n\t(No symbol) [0x0xb94ef2]\n\t(No symbol) [0x0xb71464]\n\t(No symbol) [0x0xb9271a]\n\t(No symbol) [0x0xb71216]\n\t(No symbol) [0x0xb40855]\n\t(No symbol) [0x0xb416f4]\n\tGetHandleVerifier [0x0xf3bb43+2623955]\n\tGetHandleVerifier [0x0xf36daa+2604090]\n\tGetHandleVerifier [0x0xcf069a+218410]\n\tGetHandleVerifier [0x0xce0ed8+154984]\n\tGetHandleVerifier [0x0xce742d+180925]\n\tGetHandleVerifier [0x0xcd22b8+94536]\n\tGetHandleVerifier [0x0xcd2442+94930]\n\tGetHandleVerifier [0x0xcbd5ea+9338]\n\tBaseThreadInitThunk [0x0x76a35d49+25]\n\tRtlInitializeExceptionChain [0x0x779cd2fb+107]\n\tRtlGetAppContainerNamedObjectPath [0x0x779cd281+561]\n\n","statusTrace":"  File \"C:\\Users\\Lizik\\OneDrive\\Рабочий стол\\git\\Kovalchuk_Automation\\lesson_10\\tests\\test_shopping.py\", line 34, in test_shopping_cart_total\n    main_page.add_product_to_cart(\"Sauce Labs Backpack\")\n    ~~~~~~~~~~~~~~~~~~~~~~~~~~~~~^^^^^^^^^^^^^^^^^^^^^^^\n  File \"C:\\Users\\Lizik\\AppData\\Local\\Programs\\Python\\Python313\\Lib\\site-packages\\allure_commons\\_allure.py\", line 202, in impl\n    return func(*a, **kw)\n  File \"C:\\Users\\Lizik\\OneDrive\\Рабочий стол\\git\\Kovalchuk_Automation\\lesson_10\\pages\\main_page.py\", line 35, in add_product_to_cart\n    self.wait.until(EC.visibility_of_element_located(self.CART_BADGE))\n    ~~~~~~~~~~~~~~~^^^^^^^^^^^^^^^^^^^^^^^^^^^^^^^^^^^^^^^^^^^^^^^^^^^\n  File \"C:\\Users\\Lizik\\AppData\\Local\\Programs\\Python\\Python313\\Lib\\site-packages\\selenium\\webdriver\\support\\wait.py\", line 138, in until\n    raise TimeoutException(message, screen, stacktrace)\n","steps":[{"name":"Добавить товар ''Sauce Labs Backpack'' в корзину","time":{"start":1757442382851,"stop":1757442403522,"duration":20671},"status":"broken","statusMessage":"selenium.common.exceptions.TimeoutException: Message: \nStacktrace:\n\tGetHandleVerifier [0x0xcca8a3+63283]\n\tGetHandleVerifier [0x0xcca8e4+63348]\n\t(No symbol) [0x0xb03e43]\n\t(No symbol) [0x0xb4c8de]\n\t(No symbol) [0x0xb4cc7b]\n\t(No symbol) [0x0xb94ef2]\n\t(No symbol) [0x0xb71464]\n\t(No symbol) [0x0xb9271a]\n\t(No symbol) [0x0xb71216]\n\t(No symbol) [0x0xb40855]\n\t(No symbol) [0x0xb416f4]\n\tGetHandleVerifier [0x0xf3bb43+2623955]\n\tGetHandleVerifier [0x0xf36daa+2604090]\n\tGetHandleVerifier [0x0xcf069a+218410]\n\tGetHandleVerifier [0x0xce0ed8+154984]\n\tGetHandleVerifier [0x0xce742d+180925]\n\tGetHandleVerifier [0x0xcd22b8+94536]\n\tGetHandleVerifier [0x0xcd2442+94930]\n\tGetHandleVerifier [0x0xcbd5ea+9338]\n\tBaseThreadInitThunk [0x0x76a35d49+25]\n\tRtlInitializeExceptionChain [0x0x779cd2fb+107]\n\tRtlGetAppContainerNamedObjectPath [0x0x779cd281+561]\n\n","statusTrace":"  File \"C:\\Users\\Lizik\\AppData\\Local\\Programs\\Python\\Python313\\Lib\\site-packages\\allure_commons\\_allure.py\", line 202, in impl\n    return func(*a, **kw)\n  File \"C:\\Users\\Lizik\\OneDrive\\Рабочий стол\\git\\Kovalchuk_Automation\\lesson_10\\pages\\main_page.py\", line 35, in add_product_to_cart\n    self.wait.until(EC.visibility_of_element_located(self.CART_BADGE))\n    ~~~~~~~~~~~~~~~^^^^^^^^^^^^^^^^^^^^^^^^^^^^^^^^^^^^^^^^^^^^^^^^^^^\n  File \"C:\\Users\\Lizik\\AppData\\Local\\Programs\\Python\\Python313\\Lib\\site-packages\\selenium\\webdriver\\support\\wait.py\", line 138, in until\n    raise TimeoutException(message, screen, stacktrace)\n","steps":[{"name":"Кликнуть по элементу: ('xpath', \"//div[text()='Sauce Labs Backpack']/ancestor::div[@class='inventory_item']//button\")","time":{"start":1757442382878,"stop":1757442382933,"duration":55},"status":"passed","steps":[{"name":"Найти элемент по локатору: ('xpath', \"//div[text()='Sauce Labs Backpack']/ancestor::div[@class='inventory_item']//button\")","time":{"start":1757442382878,"stop":1757442382888,"duration":10},"status":"passed","steps":[],"attachments":[],"parameters":[{"name":"locator","value":"('xpath', \"//div[text()='Sauce Labs Backpack']/ancestor::div[@class='inventory_item']//button\")"}],"shouldDisplayMessage":false,"attachmentsCount":0,"stepsCount":0,"attachmentStep":false,"hasContent":true}],"attachments":[],"parameters":[{"name":"locator","value":"('xpath', \"//div[text()='Sauce Labs Backpack']/ancestor::div[@class='inventory_item']//button\")"}],"shouldDisplayMessage":false,"attachmentsCount":0,"stepsCount":1,"attachmentStep":false,"hasContent":true}],"attachments":[],"parameters":[{"name":"product_name","value":"'Sauce Labs Backpack'"}],"shouldDisplayMessage":true,"attachmentsCount":0,"stepsCount":2,"attachmentStep":false,"hasContent":true}],"attachments":[],"parameters":[],"shouldDisplayMessage":false,"attachmentsCount":0,"stepsCount":3,"attachmentStep":false,"hasContent":true}],"attachments":[{"uid":"98c200adaf519a7a","name":"screenshot_on_failure","source":"98c200adaf519a7a.png","type":"image/png","size":145489}],"parameters":[],"shouldDisplayMessage":true,"attachmentsCount":2,"stepsCount":18,"attachmentStep":false,"hasContent":true},"afterStages":[{"name":"browser::0","time":{"start":1757442403754,"stop":1757442405956,"duration":2202},"status":"passed","steps":[],"attachments":[],"parameters":[],"shouldDisplayMessage":false,"attachmentsCount":0,"stepsCount":0,"attachmentStep":false,"hasContent":false}],"labels":[{"name":"severity","value":"critical"},{"name":"feature","value":"Корзина покупок"},{"name":"parentSuite","value":"tests"},{"name":"suite","value":"test_shopping"},{"name":"subSuite","value":"TestShopping"},{"name":"host","value":"Lisss"},{"name":"thread","value":"21576-MainThread"},{"name":"framework","value":"pytest"},{"name":"language","value":"cpython3"},{"name":"package","value":"tests.test_shopping"},{"name":"resultFormat","value":"allure2"}],"parameters":[],"links":[],"hidden":true,"retry":true,"extra":{"categories":[],"tags":[]},"source":"9faddbdda7cb9cf.json","parameterValues":[]}